<?xml version="1.0" encoding="UTF-8"?>
<!-- Generated by org.testng.reporters.JUnitReportReporter -->
<testsuite hostname="DESKTOP-ILD6049" failures="0" tests="1" name="TestClass" time="5.642" errors="0" timestamp="2023-10-28T14:58:15 IST" skipped="0">
  <testcase classname="TestClass" name="test1" time="5.642"/>
</testsuite> <!-- TestClass -->
